<?xml version="1.0" encoding="UTF-8"?>
<!-- Generated by org.testng.reporters.JUnitXMLReporter -->
<testsuite hostname="LAPTOP-314SJV27" ignored="0" name="Surefire test" tests="5" failures="0" timestamp="2020-05-25T22:19:14 IST" time="0.083" errors="0">
  <testcase name="updateUser on updateUser(Pravallika.appiumTest)" time="0.012" classname="Pravallika.appiumTest"/>
  <testcase name="createUser on createUser(Pravallika.appiumTest)" time="0.01" classname="Pravallika.appiumTest"/>
  <testcase name="shouldAnswerWithTrue on shouldAnswerWithTrue(Pravallika.AppTest)" time="0.001" classname="Pravallika.AppTest"/>
  <testcase name="BrowserSelection on BrowserSelection(Pravallika.SeleniumTest)" time="0.001" classname="Pravallika.SeleniumTest"/>
  <testcase name="Tabselect on Tabselect(Pravallika.SeleniumTest)" time="0.002" classname="Pravallika.SeleniumTest"/>
</testsuite> <!-- Surefire test -->
