<?xml version="1.0" encoding="UTF-8"?>
<testng-results skipped="0" failed="0" ignored="0" total="5" passed="5">
  <reporter-output>
  </reporter-output>
  <suite name="Surefire suite" duration-ms="83" started-at="2020-05-25T22:19:13 IST" finished-at="2020-05-25T22:19:14 IST">
    <groups>
    </groups>
    <test name="Surefire test" duration-ms="83" started-at="2020-05-25T22:19:13 IST" finished-at="2020-05-25T22:19:14 IST">
      <class name="Pravallika.SeleniumTest">
        <test-method status="PASS" signature="BrowserSelection()" name="BrowserSelection" duration-ms="1" started-at="2020-05-25T22:19:14 IST" finished-at="2020-05-25T22:19:14 IST">
          <reporter-output>
          </reporter-output>
        </test-method> <!-- BrowserSelection -->
        <test-method status="PASS" signature="Tabselect()" name="Tabselect" duration-ms="2" started-at="2020-05-25T22:19:14 IST" finished-at="2020-05-25T22:19:14 IST">
          <reporter-output>
          </reporter-output>
        </test-method> <!-- Tabselect -->
      </class> <!-- Pravallika.SeleniumTest -->
      <class name="Pravallika.appiumTest">
        <test-method status="PASS" signature="updateUser()" name="updateUser" duration-ms="12" started-at="2020-05-25T22:19:13 IST" finished-at="2020-05-25T22:19:13 IST">
          <reporter-output>
          </reporter-output>
        </test-method> <!-- updateUser -->
        <test-method status="PASS" signature="createUser()" name="createUser" duration-ms="10" started-at="2020-05-25T22:19:13 IST" finished-at="2020-05-25T22:19:13 IST">
          <reporter-output>
          </reporter-output>
        </test-method> <!-- createUser -->
      </class> <!-- Pravallika.appiumTest -->
      <class name="Pravallika.AppTest">
        <test-method status="PASS" signature="shouldAnswerWithTrue()" name="shouldAnswerWithTrue" duration-ms="1" started-at="2020-05-25T22:19:13 IST" finished-at="2020-05-25T22:19:13 IST">
          <reporter-output>
          </reporter-output>
        </test-method> <!-- shouldAnswerWithTrue -->
      </class> <!-- Pravallika.AppTest -->
    </test> <!-- Surefire test -->
  </suite> <!-- Surefire suite -->
</testng-results>
